<?xml version="1.0" encoding="UTF-8"?>
<testsuite xmlns:xsi="http://www.w3.org/2001/XMLSchema-instance" xsi:noNamespaceSchemaLocation="https://maven.apache.org/surefire/maven-surefire-plugin/xsd/surefire-test-report.xsd" name="quemepongo.v2.domain.prendas.builders.PrendaBuilderTest" time="0.008" tests="11" errors="0" skipped="0" failures="0">
  <properties>
[...]
</properties>
  <testcase name="conMaterial_cuandoEsNulo_deberiaLanzarExcepcion" classname="quemepongo.v2.domain.prendas.builders.PrendaBuilderTest" time="0"/>
  <testcase name="conColorPrincipal_cuandoEsNulo_deberiaLanzarExcepcion" classname="quemepongo.v2.domain.prendas.builders.PrendaBuilderTest" time="0"/>
  <testcase name="borrador_cuandoFaltanDatosObligatorios_deberiaPermitirCrearBorradorPeroNoConstruir" classname="quemepongo.v2.domain.prendas.builders.PrendaBuilderTest" time="0"/>
  <testcase name="continuarConstruccion_desdeBorrador_deberiaPermitirModificarCampos" classname="quemepongo.v2.domain.prendas.builders.PrendaBuilderTest" time="0"/>
  <testcase name="build_cuandoFaltaMaterial_deberiaLanzarExcepcion" classname="quemepongo.v2.domain.prendas.builders.PrendaBuilderTest" time="0"/>
  <testcase name="build_cuandoTieneTodosLosCamposObligatorios_deberiaCrearPrenda" classname="quemepongo.v2.domain.prendas.builders.PrendaBuilderTest" time="0"/>
  <testcase name="build_cuandoFaltaColorPrincipal_deberiaLanzarExcepcion" classname="quemepongo.v2.domain.prendas.builders.PrendaBuilderTest" time="0.001"/>
  <testcase name="build_cuandoNoSeEspecificaTrama_deberiaAsignarTramaLisoPorDefecto" classname="quemepongo.v2.domain.prendas.builders.PrendaBuilderTest" time="0"/>
  <testcase name="build_cuandoFaltaTipo_deberiaLanzarExcepcion" classname="quemepongo.v2.domain.prendas.builders.PrendaBuilderTest" time="0.001"/>
  <testcase name="borrador_cuandoTieneColorSecundario_deberiaCrearPrendaConColorSecundario" classname="quemepongo.v2.domain.prendas.builders.PrendaBuilderTest" time="0.001"/>
  <testcase name="conTrama_cuandoEsNulo_deberiaLanzarExcepcion" classname="quemepongo.v2.domain.prendas.builders.PrendaBuilderTest" time="0.002"/>
</testsuite>